<?xml version="1.0" encoding="UTF-8"?>
<!-- Generated by org.testng.reporters.JUnitReportReporter -->
<testsuite skipped="0" hostname="hp" name="org.bddtesting.test1" tests="1" failures="0" timestamp="28 May 2020 03:30:56 GMT" time="0.026" errors="0">
  <testcase name="display" time="0.026" classname="org.bddtesting.test1"/>
</testsuite> <!-- org.bddtesting.test1 -->
