<?xml version="1.0" encoding="UTF-8"?>
<!-- Generated by org.testng.reporters.JUnitReportReporter -->
<testsuite skipped="0" hostname="hp" name="com.app.androidapp.scripts.TC_005_TestScript5" tests="1" failures="0" timestamp="05 Jun 2020 17:26:47 GMT" time="10.493" errors="0">
  <testcase name="tc_005_testfive" time="10.493" classname="com.app.androidapp.scripts.TC_005_TestScript5"/>
</testsuite> <!-- com.app.androidapp.scripts.TC_005_TestScript5 -->
