<?xml version="1.0" encoding="UTF-8"?>
<!-- Generated by org.testng.reporters.JUnitReportReporter -->
<testsuite skipped="0" hostname="hp" name="com.app.androidapp.scripts.TC_004_TestScript4" tests="1" failures="0" timestamp="05 Jun 2020 16:48:22 GMT" time="5.920" errors="0">
  <testcase name="tc_004_testfour" time="5.920" classname="com.app.androidapp.scripts.TC_004_TestScript4"/>
</testsuite> <!-- com.app.androidapp.scripts.TC_004_TestScript4 -->
