<?xml version="1.0" encoding="UTF-8"?>
<!-- Generated by org.testng.reporters.JUnitReportReporter -->
<testsuite skipped="0" hostname="hp" name="com.app.androidapp.scripts.TC_001_TestScript1" tests="1" failures="0" timestamp="06 Jun 2020 04:56:43 GMT" time="0.324" errors="0">
  <testcase name="tc_001_testOne" time="0.324" classname="com.app.androidapp.scripts.TC_001_TestScript1"/>
</testsuite> <!-- com.app.androidapp.scripts.TC_001_TestScript1 -->
