<?xml version="1.0" encoding="UTF-8"?>
<!-- Generated by org.testng.reporters.JUnitReportReporter -->
<testsuite skipped="0" hostname="hp" name="com.app.androidapp.scripts.TC_002_TestScript2" tests="2" failures="0" timestamp="05 Jun 2020 14:29:58 GMT" time="4.301" errors="0">
  <testcase name="tc_002_testtwo" time="3.790" classname="com.app.androidapp.scripts.TC_002_TestScript2"/>
  <testcase name="tc_001_testOne" time="0.511" classname="com.app.androidapp.scripts.TC_002_TestScript2"/>
</testsuite> <!-- com.app.androidapp.scripts.TC_002_TestScript2 -->
