<?xml version="1.0" encoding="UTF-8"?>
<!-- Generated by org.testng.reporters.JUnitReportReporter -->
<testsuite skipped="0" hostname="hp" name="com.app.androidapp.scripts.TC_003_TestScript3" tests="2" failures="0" timestamp="05 Jun 2020 15:36:04 GMT" time="11.521" errors="0">
  <testcase name="tc_001_testOne" time="0.494" classname="com.app.androidapp.scripts.TC_003_TestScript3"/>
  <testcase name="tc_003_testthree" time="11.027" classname="com.app.androidapp.scripts.TC_003_TestScript3"/>
</testsuite> <!-- com.app.androidapp.scripts.TC_003_TestScript3 -->
