<?xml version="1.0" encoding="UTF-8"?>
<!-- Generated by org.testng.reporters.JUnitReportReporter -->
<testsuite skipped="0" hostname="hp" name="com.app.androidapp.scripts.Test1" tests="1" failures="0" timestamp="05 Jun 2020 12:18:03 GMT" time="0.022" errors="0">
  <testcase name="d1" time="0.022" classname="com.app.androidapp.scripts.Test1"/>
</testsuite> <!-- com.app.androidapp.scripts.Test1 -->
