<?xml version="1.0" encoding="UTF-8"?>
<!-- Generated by org.testng.reporters.JUnitReportReporter -->
<testsuite skipped="0" hostname="hp" name="org.appiumtestyantra.startserver" tests="1" failures="0" timestamp="03 Jun 2020 08:59:59 GMT" time="26.642" errors="0">
  <testcase name="start" time="26.642" classname="org.appiumtestyantra.startserver"/>
</testsuite> <!-- org.appiumtestyantra.startserver -->
