<?xml version="1.0" encoding="UTF-8"?>
<!-- Generated by org.testng.reporters.JUnitReportReporter -->
<testsuite skipped="0" hostname="hp" name="org.appiumtestyantra.Multitouch" tests="1" failures="0" timestamp="29 May 2020 09:58:09 GMT" time="23.838" errors="0">
  <testcase name="multitouchaction" time="23.838" classname="org.appiumtestyantra.Multitouch"/>
</testsuite> <!-- org.appiumtestyantra.Multitouch -->
