<?xml version="1.0" encoding="UTF-8"?>
<!-- Generated by org.testng.reporters.JUnitReportReporter -->
<testsuite skipped="0" hostname="hp" name="org.appiumtestyantra.scroll_horizontal" tests="2" failures="0" timestamp="28 May 2020 16:12:14 GMT" time="42.755" errors="0">
  <testcase name="scrollAction" time="17.161" classname="org.appiumtestyantra.scroll_horizontal"/>
  <testcase name="launchApp" time="25.594" classname="org.appiumtestyantra.scroll_horizontal"/>
</testsuite> <!-- org.appiumtestyantra.scroll_horizontal -->
