<?xml version="1.0" encoding="UTF-8"?>
<!-- Generated by org.testng.reporters.JUnitReportReporter -->
<testsuite skipped="0" hostname="hp" name="org.appiumtestyantra.webveiwdata" tests="1" failures="0" timestamp="03 Jun 2020 06:04:26 GMT" time="6.870" errors="0">
  <testcase name="add" time="6.870" classname="org.appiumtestyantra.webveiwdata"/>
</testsuite> <!-- org.appiumtestyantra.webveiwdata -->
