<?xml version="1.0" encoding="UTF-8"?>
<!-- Generated by org.testng.reporters.JUnitReportReporter -->
<testsuite skipped="0" hostname="hp" name="org.appiumtestyantra.swipe" tests="3" failures="0" timestamp="01 Jun 2020 03:29:55 GMT" time="46.374" errors="0">
  <testcase name="launchApp" time="34.419" classname="org.appiumtestyantra.swipe"/>
  <testcase name="swipeToptoBottom" time="2.323" classname="org.appiumtestyantra.swipe"/>
  <testcase name="swipeBottomToTop" time="9.632" classname="org.appiumtestyantra.swipe"/>
</testsuite> <!-- org.appiumtestyantra.swipe -->
