<?xml version="1.0" encoding="UTF-8"?>
<!-- Generated by org.testng.reporters.JUnitReportReporter -->
<testsuite skipped="0" hostname="hp" name="org.appiumtestyantra.bigBasket" tests="1" failures="0" timestamp="02 Jun 2020 12:52:36 GMT" time="29.800" errors="0">
  <testcase name="add" time="29.800" classname="org.appiumtestyantra.bigBasket"/>
</testsuite> <!-- org.appiumtestyantra.bigBasket -->
