<?xml version="1.0" encoding="UTF-8"?>
<!-- Generated by org.testng.reporters.JUnitReportReporter -->
<testsuite skipped="0" hostname="hp" name="org.appiumtestyantra.phoneContact" tests="1" failures="0" timestamp="01 Jun 2020 07:44:05 GMT" time="10.298" errors="0">
  <testcase name="dialsearch" time="10.298" classname="org.appiumtestyantra.phoneContact"/>
</testsuite> <!-- org.appiumtestyantra.phoneContact -->
