<?xml version="1.0" encoding="UTF-8"?>
<!-- Generated by org.testng.reporters.JUnitReportReporter -->
<testsuite skipped="0" hostname="hp" name="org.appiumtestyantra.swipe_scoll" tests="3" failures="0" timestamp="01 Jun 2020 03:52:26 GMT" time="39.155" errors="0">
  <testcase name="launchApp" time="26.993" classname="org.appiumtestyantra.swipe_scoll"/>
  <testcase name="swipeToptoBottom" time="2.291" classname="org.appiumtestyantra.swipe_scoll"/>
  <testcase name="swipeBottomToTop" time="9.871" classname="org.appiumtestyantra.swipe_scoll"/>
</testsuite> <!-- org.appiumtestyantra.swipe_scoll -->
