<?xml version="1.0" encoding="UTF-8"?>
<!-- Generated by org.testng.reporters.JUnitReportReporter -->
<testsuite skipped="0" hostname="hp" name="org.appiumtestyantra.Automaticserversession" tests="1" failures="0" timestamp="03 Jun 2020 09:05:24 GMT" time="13.791" errors="0">
  <testcase name="data" time="13.791" classname="org.appiumtestyantra.Automaticserversession"/>
</testsuite> <!-- org.appiumtestyantra.Automaticserversession -->
