<?xml version="1.0" encoding="UTF-8"?>
<!-- Generated by org.testng.reporters.JUnitReportReporter -->
<testsuite skipped="0" hostname="hp" name="org.appiumtestyantra.Fullreset" tests="1" failures="0" timestamp="27 May 2020 09:42:18 GMT" time="24.700" errors="0">
  <testcase name="launchApp" time="24.700" classname="org.appiumtestyantra.Fullreset"/>
</testsuite> <!-- org.appiumtestyantra.Fullreset -->
