<?xml version="1.0" encoding="UTF-8"?>
<!-- Generated by org.testng.reporters.JUnitReportReporter -->
<testsuite skipped="0" hostname="hp" name="org.appiumtestyantra.testing" tests="1" failures="0" timestamp="30 May 2020 12:28:23 GMT" time="0.031" errors="0">
  <testcase name="display" time="0.031" classname="org.appiumtestyantra.testing"/>
</testsuite> <!-- org.appiumtestyantra.testing -->
