<?xml version="1.0" encoding="UTF-8"?>
<!-- Generated by org.testng.reporters.JUnitReportReporter -->
<testsuite skipped="0" hostname="hp" name="org.appiumtestyantra.Apidatepicker" tests="1" failures="0" timestamp="04 Jun 2020 14:56:07 GMT" time="16.062" errors="0">
  <testcase name="add" time="16.062" classname="org.appiumtestyantra.Apidatepicker"/>
</testsuite> <!-- org.appiumtestyantra.Apidatepicker -->
