<?xml version="1.0" encoding="UTF-8"?>
<!-- Generated by org.testng.reporters.JUnitReportReporter -->
<testsuite skipped="0" hostname="hp" name="org.appiumtestyantra.Tapinsteadclick" tests="1" failures="0" timestamp="27 May 2020 12:05:04 GMT" time="17.424" errors="0">
  <testcase name="add" time="17.424" classname="org.appiumtestyantra.Tapinsteadclick"/>
</testsuite> <!-- org.appiumtestyantra.Tapinsteadclick -->
