<?xml version="1.0" encoding="UTF-8"?>
<!-- Generated by org.testng.reporters.JUnitReportReporter -->
<testsuite skipped="0" hostname="hp" name="org.appiumtestyantra.scrolldata" tests="2" failures="0" timestamp="28 May 2020 10:05:36 GMT" time="39.459" errors="0">
  <testcase name="scrollAction" time="9.322" classname="org.appiumtestyantra.scrolldata"/>
  <testcase name="launchApp" time="30.137" classname="org.appiumtestyantra.scrolldata"/>
</testsuite> <!-- org.appiumtestyantra.scrolldata -->
