<?xml version="1.0" encoding="UTF-8"?>
<!-- Generated by org.testng.reporters.JUnitReportReporter -->
<testsuite skipped="0" hostname="hp" name="org.appiumtestyantra.Launch" tests="1" failures="0" timestamp="02 Jun 2020 04:41:23 GMT" time="45.581" errors="0">
  <testcase name="launchApp" time="45.581" classname="org.appiumtestyantra.Launch"/>
</testsuite> <!-- org.appiumtestyantra.Launch -->
