<?xml version="1.0" encoding="UTF-8"?>
<!-- Generated by org.testng.reporters.JUnitReportReporter -->
<testsuite skipped="0" hostname="hp" name="org.appiumtestyantra.displayStar" tests="1" failures="0" timestamp="01 Jun 2020 12:10:19 GMT" time="8.567" errors="0">
  <testcase name="add" time="8.567" classname="org.appiumtestyantra.displayStar"/>
</testsuite> <!-- org.appiumtestyantra.displayStar -->
