<?xml version="1.0" encoding="UTF-8"?>
<!-- Generated by org.testng.reporters.JUnitReportReporter -->
<testsuite skipped="0" hostname="hp" name="org.appiumtestyantra.swipetouch" tests="2" failures="0" timestamp="01 Jun 2020 03:32:00 GMT" time="32.765" errors="0">
  <testcase name="launchApp" time="24.510" classname="org.appiumtestyantra.swipetouch"/>
  <testcase name="swipeBottomToTop" time="8.255" classname="org.appiumtestyantra.swipetouch"/>
</testsuite> <!-- org.appiumtestyantra.swipetouch -->
