<?xml version="1.0" encoding="UTF-8"?>
<!-- Generated by org.testng.reporters.JUnitReportReporter -->
<testsuite skipped="0" hostname="hp" name="org.appiumtestyantra.dragtouch" tests="1" failures="0" timestamp="29 May 2020 11:15:34 GMT" time="7.996" errors="0">
  <testcase name="dragging" time="7.996" classname="org.appiumtestyantra.dragtouch"/>
</testsuite> <!-- org.appiumtestyantra.dragtouch -->
