<?xml version="1.0" encoding="UTF-8"?>
<!-- Generated by org.testng.reporters.JUnitReportReporter -->
<testsuite skipped="0" hostname="hp" name="org.appiumtestyantra.Androiduiautomator" tests="1" failures="0" timestamp="28 May 2020 09:30:08 GMT" time="8.468" errors="0">
  <testcase name="add" time="8.468" classname="org.appiumtestyantra.Androiduiautomator"/>
</testsuite> <!-- org.appiumtestyantra.Androiduiautomator -->
