<?xml version="1.0" encoding="UTF-8"?>
<!-- Generated by org.testng.reporters.JUnitReportReporter -->
<testsuite skipped="0" hostname="hp" name="org.appiumtestyantra.dropdown" tests="1" failures="0" timestamp="03 Jun 2020 13:20:13 GMT" time="18.873" errors="0">
  <testcase name="add" time="18.873" classname="org.appiumtestyantra.dropdown"/>
</testsuite> <!-- org.appiumtestyantra.dropdown -->
