<?xml version="1.0" encoding="UTF-8"?>
<!-- Generated by org.testng.reporters.JUnitReportReporter -->
<testsuite skipped="0" hostname="hp" name="org.appiumtestyantra.test1" tests="2" failures="0" timestamp="27 May 2020 09:24:36 GMT" time="19.688" errors="0">
  <testcase name="dispmethods" time="1.180" classname="org.appiumtestyantra.test1"/>
  <testcase name="launchApp" time="18.508" classname="org.appiumtestyantra.test1"/>
</testsuite> <!-- org.appiumtestyantra.test1 -->
