<?xml version="1.0" encoding="UTF-8"?>
<!-- Generated by org.testng.reporters.JUnitReportReporter -->
<testsuite skipped="0" hostname="hp" name="org.appiumtestyantra.Mobile_launch" tests="1" failures="0" timestamp="02 Jun 2020 13:41:22 GMT" time="12.356" errors="0">
  <testcase name="add" time="12.356" classname="org.appiumtestyantra.Mobile_launch"/>
</testsuite> <!-- org.appiumtestyantra.Mobile_launch -->
